[parsing started SimpleFileObject[/home/vanguard/projects/SAMutator/src/test/java/codetoanalyze/java/quandary/ExternalSpecs.java]]
[parsing completed 11ms]
[loading /modules/java.management/module-info.class]
[loading /modules/java.prefs/module-info.class]
[loading /modules/jdk.hotspot.agent/module-info.class]
[loading /modules/java.desktop/module-info.class]
[loading /modules/jdk.jshell/module-info.class]
[loading /modules/jdk.dynalink/module-info.class]
[loading /modules/java.security.sasl/module-info.class]
[loading /modules/jdk.pack/module-info.class]
[loading /modules/java.sql.rowset/module-info.class]
[loading /modules/jdk.internal.vm.compiler.management/module-info.class]
[loading /modules/jdk.jdi/module-info.class]
[loading /modules/jdk.editpad/module-info.class]
[loading /modules/java.logging/module-info.class]
[loading /modules/jdk.unsupported/module-info.class]
[loading /modules/jdk.naming.ldap/module-info.class]
[loading /modules/jdk.security.auth/module-info.class]
[loading /modules/jdk.internal.vm.ci/module-info.class]
[loading /modules/java.xml.crypto/module-info.class]
[loading /modules/java.naming/module-info.class]
[loading /modules/jdk.httpserver/module-info.class]
[loading /modules/java.scripting/module-info.class]
[loading /modules/jdk.zipfs/module-info.class]
[loading /modules/jdk.jlink/module-info.class]
[loading /modules/jdk.jdeps/module-info.class]
[loading /modules/jdk.crypto.cryptoki/module-info.class]
[loading /modules/jdk.crypto.ec/module-info.class]
[loading /modules/jdk.jcmd/module-info.class]
[loading /modules/jdk.attach/module-info.class]
[loading /modules/jdk.unsupported.desktop/module-info.class]
[loading /modules/java.se/module-info.class]
[loading /modules/jdk.internal.ed/module-info.class]
[loading /modules/java.compiler/module-info.class]
[loading /modules/jdk.jsobject/module-info.class]
[loading /modules/jdk.charsets/module-info.class]
[loading /modules/jdk.jfr/module-info.class]
[loading /modules/jdk.internal.vm.compiler/module-info.class]
[loading /modules/java.management.rmi/module-info.class]
[loading /modules/jdk.jconsole/module-info.class]
[loading /modules/java.security.jgss/module-info.class]
[loading /modules/jdk.jartool/module-info.class]
[loading /modules/jdk.jstatd/module-info.class]
[loading /modules/jdk.naming.dns/module-info.class]
[loading /modules/java.base/module-info.class]
[loading /modules/jdk.internal.opt/module-info.class]
[loading /modules/jdk.javadoc/module-info.class]
[loading /modules/jdk.scripting.nashorn/module-info.class]
[loading /modules/jdk.internal.le/module-info.class]
[loading /modules/java.net.http/module-info.class]
[loading /modules/jdk.internal.jvmstat/module-info.class]
[loading /modules/java.datatransfer/module-info.class]
[loading /modules/jdk.scripting.nashorn.shell/module-info.class]
[loading /modules/java.rmi/module-info.class]
[loading /modules/jdk.rmic/module-info.class]
[loading /modules/jdk.management.jfr/module-info.class]
[loading /modules/jdk.jdwp.agent/module-info.class]
[loading /modules/jdk.accessibility/module-info.class]
[loading /modules/jdk.management.agent/module-info.class]
[loading /modules/jdk.sctp/module-info.class]
[loading /modules/java.sql/module-info.class]
[loading /modules/jdk.management/module-info.class]
[loading /modules/jdk.naming.rmi/module-info.class]
[loading /modules/java.xml/module-info.class]
[loading /modules/jdk.xml.dom/module-info.class]
[loading /modules/jdk.compiler/module-info.class]
[loading /modules/jdk.net/module-info.class]
[loading /modules/jdk.localedata/module-info.class]
[loading /modules/jdk.security.jgss/module-info.class]
[loading /modules/java.transaction.xa/module-info.class]
[loading /modules/java.instrument/module-info.class]
[loading /modules/java.smartcardio/module-info.class]
[loading /modules/jdk.aot/module-info.class]
[search path for source files: .,/home/vanguard/projects/SAMutator/tools/Infer_Dependency/javax.inject.jar,/home/vanguard/projects/SAMutator/tools/Infer_Dependency/guava-23.0.jar,/home/vanguard/projects/SAMutator/tools/Infer_Dependency/android-support-v4.jar,/home/vanguard/projects/SAMutator/tools/Infer_Dependency/jsr305-src.jar,/home/vanguard/projects/SAMutator/tools/Infer_Dependency/kotlin-annotations-jvm-1.3.72.jar,/home/vanguard/projects/SAMutator/tools/Infer_Dependency/collection-1.1.0.jar,/home/vanguard/projects/SAMutator/tools/Infer_Dependency/jsr305.jar,/home/vanguard/projects/SAMutator/tools/Infer_Dependency/jackson-2.2.3.jar,/home/vanguard/projects/SAMutator/tools/Infer_Dependency/android-23.jar,/home/vanguard/projects/SAMutator/tools/Infer_Dependency/tools.jar]
[search path for class files: /home/vanguard/bin/jdk/jdk-11.0.12/lib/modules,.,/home/vanguard/projects/SAMutator/tools/Infer_Dependency/javax.inject.jar,/home/vanguard/projects/SAMutator/tools/Infer_Dependency/guava-23.0.jar,/home/vanguard/projects/SAMutator/tools/Infer_Dependency/android-support-v4.jar,/home/vanguard/projects/SAMutator/tools/Infer_Dependency/jsr305-src.jar,/home/vanguard/projects/SAMutator/tools/Infer_Dependency/kotlin-annotations-jvm-1.3.72.jar,/home/vanguard/projects/SAMutator/tools/Infer_Dependency/collection-1.1.0.jar,/home/vanguard/projects/SAMutator/tools/Infer_Dependency/jsr305.jar,/home/vanguard/projects/SAMutator/tools/Infer_Dependency/jackson-2.2.3.jar,/home/vanguard/projects/SAMutator/tools/Infer_Dependency/android-23.jar,/home/vanguard/projects/SAMutator/tools/Infer_Dependency/tools.jar]
[loading /home/vanguard/projects/SAMutator/tools/Infer_Dependency/android-23.jar(/android/app/Activity.class)]
[loading /home/vanguard/projects/SAMutator/tools/Infer_Dependency/android-23.jar(/android/content/Intent.class)]
[loading /home/vanguard/projects/SAMutator/tools/Infer_Dependency/android-23.jar(/android/util/Log.class)]
/home/vanguard/projects/SAMutator/src/test/java/codetoanalyze/java/quandary/ExternalSpecs.java:13: error: cannot find symbol
import codetoanalyze.java.InferTaint;
                         ^
  symbol:   class InferTaint
  location: package codetoanalyze.java
[loading /modules/java.base/java/lang/Object.class]
[loading /modules/java.base/java/lang/Deprecated.class]
[loading /modules/java.base/java/lang/Override.class]
[loading /modules/java.base/java/lang/annotation/Annotation.class]
[loading /modules/java.base/java/lang/annotation/Retention.class]
[loading /modules/java.base/java/lang/annotation/RetentionPolicy.class]
[loading /modules/java.base/java/lang/annotation/Target.class]
[loading /modules/java.base/java/lang/annotation/ElementType.class]
[checking codetoanalyze.java.quandary.ExternalSpecs]
[loading /modules/java.base/java/io/Serializable.class]
[loading /modules/java.base/java/lang/AutoCloseable.class]
[loading /modules/java.base/java/lang/String.class]
[loading /home/vanguard/projects/SAMutator/tools/Infer_Dependency/android-23.jar(/android/view/LayoutInflater.class)]
[loading /home/vanguard/projects/SAMutator/tools/Infer_Dependency/android-23.jar(/android/view/LayoutInflater$Factory2.class)]
[loading /home/vanguard/projects/SAMutator/tools/Infer_Dependency/android-23.jar(/android/view/LayoutInflater$Factory.class)]
[loading /home/vanguard/projects/SAMutator/tools/Infer_Dependency/android-23.jar(/android/view/Window.class)]
[loading /home/vanguard/projects/SAMutator/tools/Infer_Dependency/android-23.jar(/android/view/Window$Callback.class)]
[loading /home/vanguard/projects/SAMutator/tools/Infer_Dependency/android-23.jar(/android/view/KeyEvent.class)]
[loading /home/vanguard/projects/SAMutator/tools/Infer_Dependency/android-23.jar(/android/view/KeyEvent$Callback.class)]
[loading /home/vanguard/projects/SAMutator/tools/Infer_Dependency/android-23.jar(/android/view/View.class)]
[loading /home/vanguard/projects/SAMutator/tools/Infer_Dependency/android-23.jar(/android/view/View$OnCreateContextMenuListener.class)]
[loading /home/vanguard/projects/SAMutator/tools/Infer_Dependency/android-23.jar(/android/view/ViewDebug.class)]
[loading /home/vanguard/projects/SAMutator/tools/Infer_Dependency/android-23.jar(/android/view/ViewDebug$ExportedProperty.class)]
[loading /home/vanguard/projects/SAMutator/tools/Infer_Dependency/android-23.jar(/android/view/ViewDebug$IntToString.class)]
[loading /home/vanguard/projects/SAMutator/tools/Infer_Dependency/android-23.jar(/android/view/ViewDebug$FlagToString.class)]
[loading /home/vanguard/projects/SAMutator/tools/Infer_Dependency/android-23.jar(/android/content/ComponentCallbacks2.class)]
[loading /home/vanguard/projects/SAMutator/tools/Infer_Dependency/android-23.jar(/android/content/ComponentCallbacks.class)]
[loading /home/vanguard/projects/SAMutator/tools/Infer_Dependency/android-23.jar(/android/view/ContextThemeWrapper.class)]
[loading /home/vanguard/projects/SAMutator/tools/Infer_Dependency/android-23.jar(/android/content/ContextWrapper.class)]
[loading /home/vanguard/projects/SAMutator/tools/Infer_Dependency/android-23.jar(/android/content/Context.class)]
/home/vanguard/projects/SAMutator/src/test/java/codetoanalyze/java/quandary/ExternalSpecs.java:71: error: cannot find symbol
    Object source = InferTaint.inferSecretSource();
                    ^
  symbol:   variable InferTaint
  location: class ExternalSpecs
/home/vanguard/projects/SAMutator/src/test/java/codetoanalyze/java/quandary/ExternalSpecs.java:73: error: cannot find symbol
    InferTaint.inferSensitiveSink(sanitized);
    ^
  symbol:   variable InferTaint
  location: class ExternalSpecs
/home/vanguard/projects/SAMutator/src/test/java/codetoanalyze/java/quandary/ExternalSpecs.java:78: error: cannot find symbol
    InferTaint.inferSensitiveSink(sanitized);
    ^
  symbol:   variable InferTaint
  location: class ExternalSpecs
/home/vanguard/projects/SAMutator/src/test/java/codetoanalyze/java/quandary/ExternalSpecs.java:82: error: cannot find symbol
    sanitizeFootprint(InferTaint.inferSecretSource());
                      ^
  symbol:   variable InferTaint
  location: class ExternalSpecs
/home/vanguard/projects/SAMutator/src/test/java/codetoanalyze/java/quandary/ExternalSpecs.java:86: error: cannot find symbol
    Object source = InferTaint.inferSecretSource();
                    ^
  symbol:   variable InferTaint
  location: class ExternalSpecs
/home/vanguard/projects/SAMutator/src/test/java/codetoanalyze/java/quandary/ExternalSpecs.java:91: error: cannot find symbol
    InferTaint.inferSensitiveSink(returnSanitizedSource());
    ^
  symbol:   variable InferTaint
  location: class ExternalSpecs
/home/vanguard/projects/SAMutator/src/test/java/codetoanalyze/java/quandary/ExternalSpecs.java:95: error: cannot find symbol
    Object source = InferTaint.inferSecretSource();
                    ^
  symbol:   variable InferTaint
  location: class ExternalSpecs
/home/vanguard/projects/SAMutator/src/test/java/codetoanalyze/java/quandary/ExternalSpecs.java:97: error: cannot find symbol
    InferTaint.inferSensitiveSink(source);
    ^
  symbol:   variable InferTaint
  location: class ExternalSpecs
/home/vanguard/projects/SAMutator/src/test/java/codetoanalyze/java/quandary/ExternalSpecs.java:102: error: cannot find symbol
    Object source = InferTaint.inferSecretSource();
                    ^
  symbol:   variable InferTaint
  location: class ExternalSpecs
/home/vanguard/projects/SAMutator/src/test/java/codetoanalyze/java/quandary/ExternalSpecs.java:109: error: cannot find symbol
    InferTaint.inferSensitiveSink(o);
    ^
  symbol:   variable InferTaint
  location: class ExternalSpecs
/home/vanguard/projects/SAMutator/src/test/java/codetoanalyze/java/quandary/ExternalSpecs.java:121: error: cannot find symbol
    Object source = InferTaint.inferSecretSource();
                    ^
  symbol:   variable InferTaint
  location: class ExternalSpecs
/home/vanguard/projects/SAMutator/src/test/java/codetoanalyze/java/quandary/ExternalSpecs.java:123: error: cannot find symbol
    InferTaint.inferSensitiveSink(o);
    ^
  symbol:   variable InferTaint
  location: class ExternalSpecs
/home/vanguard/projects/SAMutator/src/test/java/codetoanalyze/java/quandary/ExternalSpecs.java:143: error: cannot find symbol
    Object source = InferTaint.inferSecretSource();
                    ^
  symbol:   variable InferTaint
  location: class ExternalSpecs
[checking codetoanalyze.java.quandary.InterfaceSpec]
[checking codetoanalyze.java.quandary.InterfaceSpecImpl]
[checking codetoanalyze.java.quandary.ConstructorSink]
/home/vanguard/projects/SAMutator/src/test/java/codetoanalyze/java/quandary/ExternalSpecs.java:179: error: cannot find symbol
    Object source = InferTaint.inferSecretSource();
                    ^
  symbol:   variable InferTaint
  location: class ConstructorSink
[total 194ms]
15 errors
