[parsing started SimpleFileObject[/home/vanguard/projects/SAMutator/src/test/java/codetoanalyze/java/biabduction/NullPointerExceptions.java]]
[parsing completed 16ms]
[loading /modules/jdk.internal.vm.compiler.management/module-info.class]
[loading /modules/java.desktop/module-info.class]
[loading /modules/jdk.xml.dom/module-info.class]
[loading /modules/java.instrument/module-info.class]
[loading /modules/java.compiler/module-info.class]
[loading /modules/jdk.crypto.cryptoki/module-info.class]
[loading /modules/jdk.jconsole/module-info.class]
[loading /modules/jdk.rmic/module-info.class]
[loading /modules/java.se/module-info.class]
[loading /modules/java.transaction.xa/module-info.class]
[loading /modules/jdk.charsets/module-info.class]
[loading /modules/jdk.management.agent/module-info.class]
[loading /modules/java.security.jgss/module-info.class]
[loading /modules/java.naming/module-info.class]
[loading /modules/jdk.net/module-info.class]
[loading /modules/jdk.internal.vm.compiler/module-info.class]
[loading /modules/jdk.crypto.ec/module-info.class]
[loading /modules/jdk.naming.ldap/module-info.class]
[loading /modules/java.management.rmi/module-info.class]
[loading /modules/jdk.localedata/module-info.class]
[loading /modules/jdk.pack/module-info.class]
[loading /modules/jdk.internal.jvmstat/module-info.class]
[loading /modules/jdk.jartool/module-info.class]
[loading /modules/jdk.dynalink/module-info.class]
[loading /modules/jdk.jdwp.agent/module-info.class]
[loading /modules/jdk.unsupported.desktop/module-info.class]
[loading /modules/jdk.attach/module-info.class]
[loading /modules/jdk.zipfs/module-info.class]
[loading /modules/jdk.jdeps/module-info.class]
[loading /modules/jdk.scripting.nashorn/module-info.class]
[loading /modules/jdk.internal.le/module-info.class]
[loading /modules/jdk.jlink/module-info.class]
[loading /modules/jdk.compiler/module-info.class]
[loading /modules/jdk.naming.dns/module-info.class]
[loading /modules/jdk.security.auth/module-info.class]
[loading /modules/java.management/module-info.class]
[loading /modules/java.rmi/module-info.class]
[loading /modules/java.sql/module-info.class]
[loading /modules/java.scripting/module-info.class]
[loading /modules/jdk.management/module-info.class]
[loading /modules/jdk.javadoc/module-info.class]
[loading /modules/java.base/module-info.class]
[loading /modules/jdk.sctp/module-info.class]
[loading /modules/jdk.httpserver/module-info.class]
[loading /modules/java.smartcardio/module-info.class]
[loading /modules/jdk.jshell/module-info.class]
[loading /modules/jdk.editpad/module-info.class]
[loading /modules/jdk.accessibility/module-info.class]
[loading /modules/jdk.hotspot.agent/module-info.class]
[loading /modules/jdk.management.jfr/module-info.class]
[loading /modules/java.xml/module-info.class]
[loading /modules/jdk.naming.rmi/module-info.class]
[loading /modules/java.security.sasl/module-info.class]
[loading /modules/java.logging/module-info.class]
[loading /modules/jdk.internal.vm.ci/module-info.class]
[loading /modules/java.prefs/module-info.class]
[loading /modules/jdk.scripting.nashorn.shell/module-info.class]
[loading /modules/java.datatransfer/module-info.class]
[loading /modules/jdk.security.jgss/module-info.class]
[loading /modules/jdk.jfr/module-info.class]
[loading /modules/jdk.jdi/module-info.class]
[loading /modules/java.net.http/module-info.class]
[loading /modules/jdk.unsupported/module-info.class]
[loading /modules/jdk.internal.opt/module-info.class]
[loading /modules/java.xml.crypto/module-info.class]
[loading /modules/jdk.jstatd/module-info.class]
[loading /modules/jdk.jcmd/module-info.class]
[loading /modules/jdk.internal.ed/module-info.class]
[loading /modules/jdk.jsobject/module-info.class]
[loading /modules/java.sql.rowset/module-info.class]
[loading /modules/jdk.aot/module-info.class]
[search path for source files: .,/home/vanguard/projects/SAMutator/tools/Infer_Dependency/javax.inject.jar,/home/vanguard/projects/SAMutator/tools/Infer_Dependency/guava-23.0.jar,/home/vanguard/projects/SAMutator/tools/Infer_Dependency/android-support-v4.jar,/home/vanguard/projects/SAMutator/tools/Infer_Dependency/jsr305-src.jar,/home/vanguard/projects/SAMutator/tools/Infer_Dependency/kotlin-annotations-jvm-1.3.72.jar,/home/vanguard/projects/SAMutator/tools/Infer_Dependency/collection-1.1.0.jar,/home/vanguard/projects/SAMutator/tools/Infer_Dependency/jsr305.jar,/home/vanguard/projects/SAMutator/tools/Infer_Dependency/jackson-2.2.3.jar,/home/vanguard/projects/SAMutator/tools/Infer_Dependency/android-23.jar,/home/vanguard/projects/SAMutator/tools/Infer_Dependency/tools.jar]
[search path for class files: /home/vanguard/bin/jdk/jdk-11.0.12/lib/modules,.,/home/vanguard/projects/SAMutator/tools/Infer_Dependency/javax.inject.jar,/home/vanguard/projects/SAMutator/tools/Infer_Dependency/guava-23.0.jar,/home/vanguard/projects/SAMutator/tools/Infer_Dependency/android-support-v4.jar,/home/vanguard/projects/SAMutator/tools/Infer_Dependency/jsr305-src.jar,/home/vanguard/projects/SAMutator/tools/Infer_Dependency/kotlin-annotations-jvm-1.3.72.jar,/home/vanguard/projects/SAMutator/tools/Infer_Dependency/collection-1.1.0.jar,/home/vanguard/projects/SAMutator/tools/Infer_Dependency/jsr305.jar,/home/vanguard/projects/SAMutator/tools/Infer_Dependency/jackson-2.2.3.jar,/home/vanguard/projects/SAMutator/tools/Infer_Dependency/android-23.jar,/home/vanguard/projects/SAMutator/tools/Infer_Dependency/tools.jar]
[loading /home/vanguard/projects/SAMutator/tools/Infer_Dependency/android-23.jar(/android/annotation/SuppressLint.class)]
[loading /home/vanguard/projects/SAMutator/tools/Infer_Dependency/android-23.jar(/android/content/ContentResolver.class)]
[loading /home/vanguard/projects/SAMutator/tools/Infer_Dependency/android-23.jar(/android/content/Context.class)]
[loading /home/vanguard/projects/SAMutator/tools/Infer_Dependency/android-23.jar(/android/database/Cursor.class)]
[loading /home/vanguard/projects/SAMutator/tools/Infer_Dependency/android-23.jar(/android/database/sqlite/SQLiteDatabase.class)]
[loading /home/vanguard/projects/SAMutator/tools/Infer_Dependency/android-23.jar(/android/text/TextUtils.class)]
[loading ./codetoanalyze/java/annotation/Assertions.class]
[loading /home/vanguard/projects/SAMutator/tools/Infer_Dependency/guava-23.0.jar(/com/google/common/base/Optional.class)]
[loading /home/vanguard/projects/SAMutator/tools/Infer_Dependency/guava-23.0.jar(/com/google/common/base/Preconditions.class)]
[loading /home/vanguard/projects/SAMutator/tools/Infer_Dependency/guava-23.0.jar(/com/google/common/collect/ImmutableList.class)]
[loading /modules/java.base/java/io/File.class]
[loading /modules/java.base/java/io/FileInputStream.class]
[loading /modules/java.base/java/io/FileOutputStream.class]
[loading /modules/java.base/java/io/IOException.class]
[loading /modules/java.base/java/nio/channels/FileChannel.class]
[loading /modules/java.base/java/nio/channels/FileLock.class]
[loading /modules/java.base/java/util/HashMap.class]
[loading /modules/java.base/java/util/concurrent/locks/Lock.class]
[loading /home/vanguard/projects/SAMutator/tools/Infer_Dependency/jsr305.jar(/javax/annotation/Nonnull.class)]
[loading /home/vanguard/projects/SAMutator/tools/Infer_Dependency/jsr305.jar(/javax/annotation/Nullable.class)]
[loading /modules/java.base/java/lang/Object.class]
[loading /modules/java.base/java/lang/String.class]
[loading /modules/java.base/java/lang/Integer.class]
[loading /modules/java.base/java/lang/Boolean.class]
[loading /modules/java.base/java/lang/Deprecated.class]
[loading /modules/java.base/java/lang/annotation/Target.class]
[loading /modules/java.base/java/lang/annotation/ElementType.class]
[loading /modules/java.base/java/lang/annotation/Retention.class]
[loading /modules/java.base/java/lang/annotation/RetentionPolicy.class]
[loading /home/vanguard/projects/SAMutator/tools/Infer_Dependency/android-23.jar(/android/view/ViewDebug.class)]
[loading /home/vanguard/projects/SAMutator/tools/Infer_Dependency/android-23.jar(/android/view/ViewDebug$ExportedProperty.class)]
[loading /home/vanguard/projects/SAMutator/tools/Infer_Dependency/guava-23.0.jar(/com/google/common/annotations/GwtCompatible.class)]
[loading /home/vanguard/projects/SAMutator/tools/Infer_Dependency/jsr305.jar(/javax/annotation/meta/When.class)]
[loading /modules/java.base/java/lang/annotation/Annotation.class]
[checking codetoanalyze.java.biabduction.NullPointerExceptions]
[loading /modules/java.base/java/io/Serializable.class]
[loading /modules/java.base/java/lang/AutoCloseable.class]
[loading /modules/java.base/java/lang/Cloneable.class]
[loading /modules/java.base/java/lang/Exception.class]
[loading /modules/java.base/java/lang/Throwable.class]
[loading /modules/java.base/java/net/URI.class]
[loading /modules/java.base/java/io/FileDescriptor.class]
[loading /modules/java.base/java/io/InputStream.class]
[loading /modules/java.base/java/io/Closeable.class]
[loading /modules/java.base/java/io/OutputStream.class]
[loading /modules/java.base/java/io/Flushable.class]
[loading /modules/java.base/java/lang/Comparable.class]
[loading /modules/java.base/java/lang/CharSequence.class]
[loading /modules/java.base/java/lang/StringBuilder.class]
[loading /modules/java.base/java/lang/StringBuffer.class]
[loading /modules/java.base/java/util/Map.class]
[loading /modules/java.base/java/util/AbstractMap.class]
[loading /modules/java.base/java/lang/Number.class]
[loading /modules/java.base/java/lang/Byte.class]
[loading /modules/java.base/java/lang/Character.class]
[loading /modules/java.base/java/lang/Short.class]
[loading /modules/java.base/java/lang/Long.class]
[loading /modules/java.base/java/lang/Float.class]
[loading /home/vanguard/projects/SAMutator/tools/Infer_Dependency/android-23.jar(/android/database/sqlite/SQLiteClosable.class)]
/home/vanguard/projects/SAMutator/src/test/java/codetoanalyze/java/biabduction/NullPointerExceptions.java:231: error: cannot find symbol
    NeverNullSource source = new NeverNullSource();
    ^
  symbol:   class NeverNullSource
  location: class NullPointerExceptions
/home/vanguard/projects/SAMutator/src/test/java/codetoanalyze/java/biabduction/NullPointerExceptions.java:231: error: cannot find symbol
    NeverNullSource source = new NeverNullSource();
                                 ^
  symbol:   class NeverNullSource
  location: class NullPointerExceptions
/home/vanguard/projects/SAMutator/src/test/java/codetoanalyze/java/biabduction/NullPointerExceptions.java:232: error: cannot find symbol
    T t = source.get();
    ^
  symbol:   class T
  location: class NullPointerExceptions
/home/vanguard/projects/SAMutator/src/test/java/codetoanalyze/java/biabduction/NullPointerExceptions.java:237: error: cannot find symbol
    SomeLibrary source = new SomeLibrary();
    ^
  symbol:   class SomeLibrary
  location: class NullPointerExceptions
/home/vanguard/projects/SAMutator/src/test/java/codetoanalyze/java/biabduction/NullPointerExceptions.java:237: error: cannot find symbol
    SomeLibrary source = new SomeLibrary();
                             ^
  symbol:   class SomeLibrary
  location: class NullPointerExceptions
/home/vanguard/projects/SAMutator/src/test/java/codetoanalyze/java/biabduction/NullPointerExceptions.java:238: error: cannot find symbol
    T t = source.get();
    ^
  symbol:   class T
  location: class NullPointerExceptions
[loading /modules/java.base/java/lang/Double.class]
/home/vanguard/projects/SAMutator/src/test/java/codetoanalyze/java/biabduction/NullPointerExceptions.java:328: error: cannot find symbol
    T t = CloseableAsResourceExample.sourceOfNullWithResourceLeakBad();
    ^
  symbol:   class T
  location: class NullPointerExceptions
/home/vanguard/projects/SAMutator/src/test/java/codetoanalyze/java/biabduction/NullPointerExceptions.java:328: error: cannot find symbol
    T t = CloseableAsResourceExample.sourceOfNullWithResourceLeakBad();
          ^
  symbol:   variable CloseableAsResourceExample
  location: class NullPointerExceptions
[loading /modules/java.base/java/lang/System.class]
/home/vanguard/projects/SAMutator/src/test/java/codetoanalyze/java/biabduction/NullPointerExceptions.java:471: error: cannot find symbol
    Object o = SkippedSourceFile.createdBySkippedFile();
               ^
  symbol:   variable SkippedSourceFile
  location: class NullPointerExceptions
[loading /modules/java.base/java/nio/channels/SeekableByteChannel.class]
[loading /modules/java.base/java/nio/channels/ByteChannel.class]
[loading /modules/java.base/java/nio/channels/ReadableByteChannel.class]
[loading /modules/java.base/java/nio/channels/Channel.class]
[loading /modules/java.base/java/nio/channels/WritableByteChannel.class]
[loading /modules/java.base/java/nio/channels/GatheringByteChannel.class]
[loading /modules/java.base/java/nio/channels/ScatteringByteChannel.class]
[loading /modules/java.base/java/nio/channels/spi/AbstractInterruptibleChannel.class]
[loading /modules/java.base/java/nio/channels/InterruptibleChannel.class]
[loading /modules/java.base/java/lang/Void.class]
[loading /home/vanguard/projects/SAMutator/tools/Infer_Dependency/guava-23.0.jar(/com/google/common/collect/ImmutableList$Builder.class)]
[loading /modules/java.base/java/util/List.class]
[loading /modules/java.base/java/util/Collection.class]
[loading /modules/java.base/java/lang/Iterable.class]
[loading /modules/java.base/java/util/RandomAccess.class]
[loading /home/vanguard/projects/SAMutator/tools/Infer_Dependency/guava-23.0.jar(/com/google/common/collect/ImmutableCollection.class)]
[loading /modules/java.base/java/util/AbstractCollection.class]
[loading /home/vanguard/projects/SAMutator/tools/Infer_Dependency/guava-23.0.jar(/com/google/common/collect/ImmutableCollection$ArrayBasedBuilder.class)]
[loading /home/vanguard/projects/SAMutator/tools/Infer_Dependency/guava-23.0.jar(/com/google/common/collect/ImmutableCollection$Builder.class)]
[total 283ms]
Note: /home/vanguard/projects/SAMutator/src/test/java/codetoanalyze/java/biabduction/NullPointerExceptions.java uses or overrides a deprecated API.
Note: Recompile with -Xlint:deprecation for details.
9 errors
