[parsing started SimpleFileObject[/home/vanguard/projects/SAMutator/src/test/java/codetoanalyze/java/quandary/Intents.java]]
[parsing completed 13ms]
[loading /modules/java.net.http/module-info.class]
[loading /modules/jdk.internal.opt/module-info.class]
[loading /modules/jdk.charsets/module-info.class]
[loading /modules/jdk.zipfs/module-info.class]
[loading /modules/jdk.xml.dom/module-info.class]
[loading /modules/java.logging/module-info.class]
[loading /modules/jdk.jstatd/module-info.class]
[loading /modules/jdk.internal.vm.compiler/module-info.class]
[loading /modules/jdk.internal.le/module-info.class]
[loading /modules/jdk.scripting.nashorn/module-info.class]
[loading /modules/jdk.management.jfr/module-info.class]
[loading /modules/jdk.internal.vm.compiler.management/module-info.class]
[loading /modules/jdk.httpserver/module-info.class]
[loading /modules/java.management/module-info.class]
[loading /modules/jdk.accessibility/module-info.class]
[loading /modules/java.instrument/module-info.class]
[loading /modules/jdk.security.jgss/module-info.class]
[loading /modules/jdk.jfr/module-info.class]
[loading /modules/java.security.jgss/module-info.class]
[loading /modules/jdk.jlink/module-info.class]
[loading /modules/jdk.naming.rmi/module-info.class]
[loading /modules/java.desktop/module-info.class]
[loading /modules/jdk.net/module-info.class]
[loading /modules/java.xml.crypto/module-info.class]
[loading /modules/java.scripting/module-info.class]
[loading /modules/java.sql/module-info.class]
[loading /modules/jdk.attach/module-info.class]
[loading /modules/java.datatransfer/module-info.class]
[loading /modules/jdk.internal.ed/module-info.class]
[loading /modules/jdk.editpad/module-info.class]
[loading /modules/java.compiler/module-info.class]
[loading /modules/jdk.naming.dns/module-info.class]
[loading /modules/jdk.compiler/module-info.class]
[loading /modules/jdk.dynalink/module-info.class]
[loading /modules/jdk.internal.jvmstat/module-info.class]
[loading /modules/jdk.jdwp.agent/module-info.class]
[loading /modules/java.smartcardio/module-info.class]
[loading /modules/jdk.aot/module-info.class]
[loading /modules/java.naming/module-info.class]
[loading /modules/jdk.pack/module-info.class]
[loading /modules/java.base/module-info.class]
[loading /modules/jdk.unsupported/module-info.class]
[loading /modules/jdk.sctp/module-info.class]
[loading /modules/java.xml/module-info.class]
[loading /modules/jdk.scripting.nashorn.shell/module-info.class]
[loading /modules/jdk.naming.ldap/module-info.class]
[loading /modules/jdk.jshell/module-info.class]
[loading /modules/java.rmi/module-info.class]
[loading /modules/jdk.jdeps/module-info.class]
[loading /modules/jdk.security.auth/module-info.class]
[loading /modules/jdk.unsupported.desktop/module-info.class]
[loading /modules/jdk.jartool/module-info.class]
[loading /modules/jdk.jsobject/module-info.class]
[loading /modules/java.prefs/module-info.class]
[loading /modules/java.management.rmi/module-info.class]
[loading /modules/jdk.localedata/module-info.class]
[loading /modules/java.security.sasl/module-info.class]
[loading /modules/java.sql.rowset/module-info.class]
[loading /modules/jdk.jdi/module-info.class]
[loading /modules/jdk.internal.vm.ci/module-info.class]
[loading /modules/jdk.crypto.cryptoki/module-info.class]
[loading /modules/jdk.management/module-info.class]
[loading /modules/jdk.jcmd/module-info.class]
[loading /modules/jdk.hotspot.agent/module-info.class]
[loading /modules/jdk.javadoc/module-info.class]
[loading /modules/java.se/module-info.class]
[loading /modules/java.transaction.xa/module-info.class]
[loading /modules/jdk.rmic/module-info.class]
[loading /modules/jdk.crypto.ec/module-info.class]
[loading /modules/jdk.jconsole/module-info.class]
[loading /modules/jdk.management.agent/module-info.class]
[search path for source files: .,/home/vanguard/projects/SAMutator/tools/Infer_Dependency/javax.inject.jar,/home/vanguard/projects/SAMutator/tools/Infer_Dependency/guava-23.0.jar,/home/vanguard/projects/SAMutator/tools/Infer_Dependency/android-support-v4.jar,/home/vanguard/projects/SAMutator/tools/Infer_Dependency/jsr305-src.jar,/home/vanguard/projects/SAMutator/tools/Infer_Dependency/kotlin-annotations-jvm-1.3.72.jar,/home/vanguard/projects/SAMutator/tools/Infer_Dependency/collection-1.1.0.jar,/home/vanguard/projects/SAMutator/tools/Infer_Dependency/jsr305.jar,/home/vanguard/projects/SAMutator/tools/Infer_Dependency/jackson-2.2.3.jar,/home/vanguard/projects/SAMutator/tools/Infer_Dependency/android-23.jar,/home/vanguard/projects/SAMutator/tools/Infer_Dependency/tools.jar]
[search path for class files: /home/vanguard/bin/jdk/jdk-11.0.12/lib/modules,.,/home/vanguard/projects/SAMutator/tools/Infer_Dependency/javax.inject.jar,/home/vanguard/projects/SAMutator/tools/Infer_Dependency/guava-23.0.jar,/home/vanguard/projects/SAMutator/tools/Infer_Dependency/android-support-v4.jar,/home/vanguard/projects/SAMutator/tools/Infer_Dependency/jsr305-src.jar,/home/vanguard/projects/SAMutator/tools/Infer_Dependency/kotlin-annotations-jvm-1.3.72.jar,/home/vanguard/projects/SAMutator/tools/Infer_Dependency/collection-1.1.0.jar,/home/vanguard/projects/SAMutator/tools/Infer_Dependency/jsr305.jar,/home/vanguard/projects/SAMutator/tools/Infer_Dependency/jackson-2.2.3.jar,/home/vanguard/projects/SAMutator/tools/Infer_Dependency/android-23.jar,/home/vanguard/projects/SAMutator/tools/Infer_Dependency/tools.jar]
[loading /home/vanguard/projects/SAMutator/tools/Infer_Dependency/android-23.jar(/android/app/Activity.class)]
[loading /home/vanguard/projects/SAMutator/tools/Infer_Dependency/android-23.jar(/android/app/Service.class)]
[loading /home/vanguard/projects/SAMutator/tools/Infer_Dependency/android-23.jar(/android/content/BroadcastReceiver.class)]
[loading /home/vanguard/projects/SAMutator/tools/Infer_Dependency/android-23.jar(/android/content/Context.class)]
[loading /home/vanguard/projects/SAMutator/tools/Infer_Dependency/android-23.jar(/android/content/Intent.class)]
[loading /home/vanguard/projects/SAMutator/tools/Infer_Dependency/android-23.jar(/android/content/IntentSender.class)]
[loading /home/vanguard/projects/SAMutator/tools/Infer_Dependency/android-23.jar(/android/content/IntentSender$SendIntentException.class)]
[loading /home/vanguard/projects/SAMutator/tools/Infer_Dependency/android-23.jar(/android/net/Uri.class)]
[loading /home/vanguard/projects/SAMutator/tools/Infer_Dependency/android-23.jar(/android/os/Bundle.class)]
[loading /home/vanguard/projects/SAMutator/tools/Infer_Dependency/android-23.jar(/android/os/IBinder.class)]
/home/vanguard/projects/SAMutator/src/test/java/codetoanalyze/java/quandary/Intents.java:19: error: cannot find symbol
import codetoanalyze.java.InferTaint;
                         ^
  symbol:   class InferTaint
  location: package codetoanalyze.java
[loading /modules/java.base/java/io/IOException.class]
[loading /modules/java.base/java/net/URISyntaxException.class]
[loading /modules/java.base/java/util/List.class]
[loading /home/vanguard/projects/SAMutator/tools/Infer_Dependency/android-23.jar(/org/xmlpull/v1/XmlPullParserException.class)]
[loading /home/vanguard/projects/SAMutator/tools/Infer_Dependency/android-23.jar(/android/os/Parcelable.class)]
[loading /modules/java.base/java/lang/Object.class]
[loading /modules/java.base/java/lang/Cloneable.class]
[loading /home/vanguard/projects/SAMutator/tools/Infer_Dependency/android-23.jar(/android/view/LayoutInflater.class)]
[loading /home/vanguard/projects/SAMutator/tools/Infer_Dependency/android-23.jar(/android/view/LayoutInflater$Factory2.class)]
[loading /home/vanguard/projects/SAMutator/tools/Infer_Dependency/android-23.jar(/android/view/LayoutInflater$Factory.class)]
[loading /home/vanguard/projects/SAMutator/tools/Infer_Dependency/android-23.jar(/android/view/Window.class)]
[loading /home/vanguard/projects/SAMutator/tools/Infer_Dependency/android-23.jar(/android/view/Window$Callback.class)]
[loading /home/vanguard/projects/SAMutator/tools/Infer_Dependency/android-23.jar(/android/view/KeyEvent.class)]
[loading /home/vanguard/projects/SAMutator/tools/Infer_Dependency/android-23.jar(/android/view/KeyEvent$Callback.class)]
[loading /home/vanguard/projects/SAMutator/tools/Infer_Dependency/android-23.jar(/android/view/InputEvent.class)]
[loading /home/vanguard/projects/SAMutator/tools/Infer_Dependency/android-23.jar(/android/view/View.class)]
[loading /home/vanguard/projects/SAMutator/tools/Infer_Dependency/android-23.jar(/android/view/View$OnCreateContextMenuListener.class)]
[loading /home/vanguard/projects/SAMutator/tools/Infer_Dependency/android-23.jar(/android/graphics/drawable/Drawable.class)]
[loading /home/vanguard/projects/SAMutator/tools/Infer_Dependency/android-23.jar(/android/graphics/drawable/Drawable$Callback.class)]
[loading /home/vanguard/projects/SAMutator/tools/Infer_Dependency/android-23.jar(/android/view/accessibility/AccessibilityEventSource.class)]
[loading /home/vanguard/projects/SAMutator/tools/Infer_Dependency/android-23.jar(/android/content/ComponentCallbacks2.class)]
[loading /home/vanguard/projects/SAMutator/tools/Infer_Dependency/android-23.jar(/android/content/ComponentCallbacks.class)]
[loading /home/vanguard/projects/SAMutator/tools/Infer_Dependency/android-23.jar(/android/view/ContextThemeWrapper.class)]
[loading /home/vanguard/projects/SAMutator/tools/Infer_Dependency/android-23.jar(/android/content/ContextWrapper.class)]
[loading /modules/java.base/java/lang/String.class]
[loading /modules/java.base/java/lang/Deprecated.class]
[loading /home/vanguard/projects/SAMutator/tools/Infer_Dependency/android-23.jar(/android/view/ViewDebug.class)]
[loading /home/vanguard/projects/SAMutator/tools/Infer_Dependency/android-23.jar(/android/view/ViewDebug$ExportedProperty.class)]
[loading /home/vanguard/projects/SAMutator/tools/Infer_Dependency/android-23.jar(/android/view/ViewDebug$IntToString.class)]
[loading /home/vanguard/projects/SAMutator/tools/Infer_Dependency/android-23.jar(/android/view/ViewDebug$FlagToString.class)]
[loading /modules/java.base/java/lang/Override.class]
[loading /modules/java.base/java/lang/annotation/Annotation.class]
[loading /modules/java.base/java/lang/annotation/Retention.class]
[loading /modules/java.base/java/lang/annotation/RetentionPolicy.class]
[loading /modules/java.base/java/lang/annotation/Target.class]
[loading /modules/java.base/java/lang/annotation/ElementType.class]
[checking codetoanalyze.java.quandary.IntentSubclass]
[loading /modules/java.base/java/io/Serializable.class]
[loading /modules/java.base/java/lang/AutoCloseable.class]
[checking codetoanalyze.java.quandary.ContextSubclass]
[checking codetoanalyze.java.quandary.MyActivity]
[loading /home/vanguard/projects/SAMutator/tools/Infer_Dependency/android-23.jar(/android/content/pm/PackageManager.class)]
[loading /home/vanguard/projects/SAMutator/tools/Infer_Dependency/android-23.jar(/android/content/pm/PackageManager$NameNotFoundException.class)]
[loading /modules/java.base/java/lang/Error.class]
[loading /home/vanguard/projects/SAMutator/tools/Infer_Dependency/android-23.jar(/android/util/AndroidException.class)]
[loading /modules/java.base/java/lang/Exception.class]
[loading /modules/java.base/java/lang/Throwable.class]
[loading /modules/java.base/java/lang/RuntimeException.class]
[loading /modules/java.base/java/lang/Class.class]
[loading /modules/java.base/java/io/FileNotFoundException.class]
[loading /home/vanguard/projects/SAMutator/tools/Infer_Dependency/android-23.jar(/android/content/ComponentName.class)]
[checking codetoanalyze.java.quandary.MyBroadcastReceiver]
[checking codetoanalyze.java.quandary.MyService]
[checking codetoanalyze.java.quandary.Intents]
/home/vanguard/projects/SAMutator/src/test/java/codetoanalyze/java/quandary/Intents.java:131: error: cannot find symbol
    Intent intent = (Intent) InferTaint.inferSecretSource();
                             ^
  symbol:   variable InferTaint
  location: class Intents
/home/vanguard/projects/SAMutator/src/test/java/codetoanalyze/java/quandary/Intents.java:156: error: cannot find symbol
    String taintedString = (String) InferTaint.inferSecretSource();
                                    ^
  symbol:   variable InferTaint
  location: class Intents
/home/vanguard/projects/SAMutator/src/test/java/codetoanalyze/java/quandary/Intents.java:161: error: cannot find symbol
    Uri taintedUri = (Uri) InferTaint.inferSecretSource();
                           ^
  symbol:   variable InferTaint
  location: class Intents
/home/vanguard/projects/SAMutator/src/test/java/codetoanalyze/java/quandary/Intents.java:173: error: cannot find symbol
    String taintedString = (String) InferTaint.inferSecretSource();
                                    ^
  symbol:   variable InferTaint
  location: class Intents
/home/vanguard/projects/SAMutator/src/test/java/codetoanalyze/java/quandary/Intents.java:185: error: cannot find symbol
    Intent taintedIntent = (Intent) InferTaint.inferSecretSource();
                                    ^
  symbol:   variable InferTaint
  location: class Intents
[loading /modules/java.base/java/lang/Comparable.class]
/home/vanguard/projects/SAMutator/src/test/java/codetoanalyze/java/quandary/Intents.java:195: error: cannot find symbol
    Intent taintedIntent = (Intent) InferTaint.inferSecretSource();
                                    ^
  symbol:   variable InferTaint
  location: class Intents
[loading /modules/java.base/java/lang/CharSequence.class]
[loading /modules/java.base/java/util/Collection.class]
[loading /modules/java.base/java/lang/Iterable.class]
[loading /modules/java.base/java/util/function/IntFunction.class]
[total 261ms]
Note: /home/vanguard/projects/SAMutator/src/test/java/codetoanalyze/java/quandary/Intents.java uses or overrides a deprecated API.
Note: Recompile with -Xlint:deprecation for details.
7 errors
