[parsing started SimpleFileObject[/home/vanguard/projects/SAMutator/src/test/java/codetoanalyze/java/racerd/Annotations.java]]
[parsing completed 14ms]
[loading /modules/jdk.naming.ldap/module-info.class]
[loading /modules/jdk.sctp/module-info.class]
[loading /modules/jdk.jstatd/module-info.class]
[loading /modules/jdk.jsobject/module-info.class]
[loading /modules/jdk.jdwp.agent/module-info.class]
[loading /modules/jdk.charsets/module-info.class]
[loading /modules/java.scripting/module-info.class]
[loading /modules/jdk.internal.jvmstat/module-info.class]
[loading /modules/java.sql/module-info.class]
[loading /modules/jdk.scripting.nashorn/module-info.class]
[loading /modules/jdk.aot/module-info.class]
[loading /modules/java.transaction.xa/module-info.class]
[loading /modules/jdk.zipfs/module-info.class]
[loading /modules/jdk.jcmd/module-info.class]
[loading /modules/jdk.scripting.nashorn.shell/module-info.class]
[loading /modules/jdk.compiler/module-info.class]
[loading /modules/java.smartcardio/module-info.class]
[loading /modules/jdk.internal.opt/module-info.class]
[loading /modules/java.naming/module-info.class]
[loading /modules/jdk.unsupported.desktop/module-info.class]
[loading /modules/jdk.dynalink/module-info.class]
[loading /modules/java.xml.crypto/module-info.class]
[loading /modules/jdk.management.jfr/module-info.class]
[loading /modules/jdk.accessibility/module-info.class]
[loading /modules/java.datatransfer/module-info.class]
[loading /modules/jdk.xml.dom/module-info.class]
[loading /modules/jdk.jlink/module-info.class]
[loading /modules/jdk.management/module-info.class]
[loading /modules/java.security.jgss/module-info.class]
[loading /modules/jdk.editpad/module-info.class]
[loading /modules/jdk.internal.ed/module-info.class]
[loading /modules/jdk.jdeps/module-info.class]
[loading /modules/jdk.jconsole/module-info.class]
[loading /modules/java.compiler/module-info.class]
[loading /modules/jdk.crypto.ec/module-info.class]
[loading /modules/jdk.pack/module-info.class]
[loading /modules/java.sql.rowset/module-info.class]
[loading /modules/java.prefs/module-info.class]
[loading /modules/java.base/module-info.class]
[loading /modules/jdk.localedata/module-info.class]
[loading /modules/java.instrument/module-info.class]
[loading /modules/jdk.hotspot.agent/module-info.class]
[loading /modules/jdk.security.auth/module-info.class]
[loading /modules/jdk.javadoc/module-info.class]
[loading /modules/jdk.crypto.cryptoki/module-info.class]
[loading /modules/jdk.naming.dns/module-info.class]
[loading /modules/jdk.internal.le/module-info.class]
[loading /modules/jdk.management.agent/module-info.class]
[loading /modules/jdk.jartool/module-info.class]
[loading /modules/java.net.http/module-info.class]
[loading /modules/jdk.httpserver/module-info.class]
[loading /modules/jdk.jdi/module-info.class]
[loading /modules/java.management/module-info.class]
[loading /modules/jdk.internal.vm.compiler/module-info.class]
[loading /modules/jdk.net/module-info.class]
[loading /modules/java.se/module-info.class]
[loading /modules/java.xml/module-info.class]
[loading /modules/jdk.security.jgss/module-info.class]
[loading /modules/java.logging/module-info.class]
[loading /modules/java.desktop/module-info.class]
[loading /modules/jdk.attach/module-info.class]
[loading /modules/jdk.naming.rmi/module-info.class]
[loading /modules/jdk.jfr/module-info.class]
[loading /modules/jdk.jshell/module-info.class]
[loading /modules/jdk.internal.vm.compiler.management/module-info.class]
[loading /modules/java.rmi/module-info.class]
[loading /modules/jdk.unsupported/module-info.class]
[loading /modules/jdk.rmic/module-info.class]
[loading /modules/java.management.rmi/module-info.class]
[loading /modules/jdk.internal.vm.ci/module-info.class]
[loading /modules/java.security.sasl/module-info.class]
[search path for source files: .,/home/vanguard/projects/SAMutator/tools/Infer_Dependency/javax.inject.jar,/home/vanguard/projects/SAMutator/tools/Infer_Dependency/guava-23.0.jar,/home/vanguard/projects/SAMutator/tools/Infer_Dependency/android-support-v4.jar,/home/vanguard/projects/SAMutator/tools/Infer_Dependency/jsr305-src.jar,/home/vanguard/projects/SAMutator/tools/Infer_Dependency/kotlin-annotations-jvm-1.3.72.jar,/home/vanguard/projects/SAMutator/tools/Infer_Dependency/collection-1.1.0.jar,/home/vanguard/projects/SAMutator/tools/Infer_Dependency/jsr305.jar,/home/vanguard/projects/SAMutator/tools/Infer_Dependency/jackson-2.2.3.jar,/home/vanguard/projects/SAMutator/tools/Infer_Dependency/android-23.jar,/home/vanguard/projects/SAMutator/tools/Infer_Dependency/tools.jar]
[search path for class files: /home/vanguard/bin/jdk/jdk-11.0.12/lib/modules,.,/home/vanguard/projects/SAMutator/tools/Infer_Dependency/javax.inject.jar,/home/vanguard/projects/SAMutator/tools/Infer_Dependency/guava-23.0.jar,/home/vanguard/projects/SAMutator/tools/Infer_Dependency/android-support-v4.jar,/home/vanguard/projects/SAMutator/tools/Infer_Dependency/jsr305-src.jar,/home/vanguard/projects/SAMutator/tools/Infer_Dependency/kotlin-annotations-jvm-1.3.72.jar,/home/vanguard/projects/SAMutator/tools/Infer_Dependency/collection-1.1.0.jar,/home/vanguard/projects/SAMutator/tools/Infer_Dependency/jsr305.jar,/home/vanguard/projects/SAMutator/tools/Infer_Dependency/jackson-2.2.3.jar,/home/vanguard/projects/SAMutator/tools/Infer_Dependency/android-23.jar,/home/vanguard/projects/SAMutator/tools/Infer_Dependency/tools.jar]
[loading /home/vanguard/projects/SAMutator/tools/Infer_Dependency/android-support-v4.jar(/android/support/annotation/UiThread.class)]
[loading ./codetoanalyze/java/annotation/Functional.class]
[loading ./codetoanalyze/java/annotation/Initializer.class]
[loading ./codetoanalyze/java/annotation/ReturnsOwnership.class]
[loading ./codetoanalyze/java/annotation/SynchronizedCollection.class]
[loading ./codetoanalyze/java/annotation/ThreadConfined.class]
[loading ./codetoanalyze/java/annotation/ThreadSafe.class]
[loading /modules/java.base/java/lang/annotation/ElementType.class]
[loading /modules/java.base/java/lang/annotation/Retention.class]
[loading /modules/java.base/java/lang/annotation/RetentionPolicy.class]
[loading /modules/java.base/java/lang/annotation/Target.class]
[loading /modules/java.base/java/util/Collections.class]
[loading /modules/java.base/java/util/HashMap.class]
[loading /modules/java.base/java/util/Map.class]
[loading /modules/java.base/java/lang/Object.class]
[loading /modules/java.base/java/lang/annotation/Annotation.class]
/home/vanguard/projects/SAMutator/src/test/java/codetoanalyze/java/racerd/Annotations.java:64: error: cannot find symbol
  Obj returnsOwnershipMethod();
  ^
  symbol:   class Obj
  location: interface Interface
/home/vanguard/projects/SAMutator/src/test/java/codetoanalyze/java/racerd/Annotations.java:136: error: cannot find symbol
  Obj encapsulatedField;
  ^
  symbol:   class Obj
  location: class Annotations
[loading /modules/java.base/java/lang/Integer.class]
[loading /modules/java.base/java/lang/Boolean.class]
[loading /modules/java.base/java/lang/Long.class]
/home/vanguard/projects/SAMutator/src/test/java/codetoanalyze/java/racerd/Annotations.java:383: error: cannot find symbol
  native Obj returnsOwned();
         ^
  symbol:   class Obj
  location: class Annotations
/home/vanguard/projects/SAMutator/src/test/java/codetoanalyze/java/racerd/Annotations.java:386: error: cannot find symbol
  public native Obj returnsOwnershipMethod(); // marked @ReturnsOwnership in interface
                ^
  symbol:   class Obj
  location: class Annotations
/home/vanguard/projects/SAMutator/src/test/java/codetoanalyze/java/racerd/Annotations.java:413: error: cannot find symbol
  public void injectPropOk(@InjectProp Obj o) {
                                       ^
  symbol:   class Obj
  location: class Annotations
[loading /modules/java.base/java/lang/Deprecated.class]
[loading /modules/java.base/java/lang/String.class]
[loading /modules/java.base/java/lang/Override.class]
[checking codetoanalyze.java.racerd.OnBind]
[loading /modules/java.base/java/io/Serializable.class]
[loading /modules/java.base/java/lang/AutoCloseable.class]
[checking codetoanalyze.java.racerd.OnEvent]
[checking codetoanalyze.java.racerd.OnMount]
[checking codetoanalyze.java.racerd.OnUnbind]
[checking codetoanalyze.java.racerd.OnUnmount]
[checking codetoanalyze.java.racerd.MyThreadSafeAlias1]
[checking codetoanalyze.java.racerd.MyThreadSafeAlias2]
[checking codetoanalyze.java.racerd.InjectProp]
[checking codetoanalyze.java.racerd.Interface]
[checking codetoanalyze.java.racerd.AssumedThreadSafe]
[checking codetoanalyze.java.racerd.ThreadSafeAlias]
[checking codetoanalyze.java.racerd.Annotations]
[loading /modules/java.base/java/lang/Number.class]
[loading /modules/java.base/java/lang/Byte.class]
[loading /modules/java.base/java/lang/Character.class]
[loading /modules/java.base/java/lang/Short.class]
[loading /modules/java.base/java/lang/Float.class]
/home/vanguard/projects/SAMutator/src/test/java/codetoanalyze/java/racerd/Annotations.java:139: error: cannot find symbol
    this.encapsulatedField = new Obj();
                                 ^
  symbol:   class Obj
  location: class Annotations
/home/vanguard/projects/SAMutator/src/test/java/codetoanalyze/java/racerd/Annotations.java:143: error: cannot find symbol
    a.encapsulatedField = new Obj();
                              ^
  symbol:   class Obj
  location: class Annotations
[loading /modules/java.base/java/lang/Double.class]
/home/vanguard/projects/SAMutator/src/test/java/codetoanalyze/java/racerd/Annotations.java:389: error: cannot find symbol
    Obj owned = returnsOwned();
    ^
  symbol:   class Obj
  location: class Annotations
/home/vanguard/projects/SAMutator/src/test/java/codetoanalyze/java/racerd/Annotations.java:394: error: cannot find symbol
    Obj owned = returnsOwnershipMethod();
    ^
  symbol:   class Obj
  location: class Annotations
[loading /modules/java.base/java/util/AbstractMap.class]
[checking codetoanalyze.java.racerd.AllMethodsOnUiThread]
[checking codetoanalyze.java.racerd.ExtendsClassOnUiThread]
[checking codetoanalyze.java.racerd.OnXYZ]
[checking codetoanalyze.java.racerd.WeirdAnnotation]
[total 222ms]
Note: /home/vanguard/projects/SAMutator/src/test/java/codetoanalyze/java/racerd/Annotations.java uses unchecked or unsafe operations.
Note: Recompile with -Xlint:unchecked for details.
9 errors
